<?xml version="1.0" encoding="UTF-8"?>
<testsuite name="com.training.AppTest" tests="1" skipped="0" failures="0" errors="0" timestamp="2024-01-02T07:02:43" hostname="DESKTOP-47N9RH5" time="0.006">
  <properties/>
  <testcase name="appHasAGreeting" classname="com.training.AppTest" time="0.006"/>
  <system-out><![CDATA[]]></system-out>
  <system-err><![CDATA[]]></system-err>
</testsuite>
